<?xml version="1.0" encoding="UTF-8"?>
<testng-results ignored="0" total="0" passed="0" failed="0" skipped="0">
  <reporter-output>
  </reporter-output>
  <suite started-at="2026-01-12T10:22:43 CST" name="Default suite" finished-at="2026-01-12T10:22:43 CST" duration-ms="31">
    <groups>
    </groups>
    <test started-at="2026-01-12T10:22:43 CST" name="Default test" finished-at="2026-01-12T10:22:43 CST" duration-ms="31">
    </test> <!-- Default test -->
  </suite> <!-- Default suite -->
</testng-results>
